[debug] [2025-12-02T19:59:18.475Z] ----------------------------------------------------------------------
[debug] [2025-12-02T19:59:18.479Z] Command:       C:\Program Files\nodejs\node.exe C:\Users\avidr\AppData\Roaming\npm\node_modules\firebase-tools\lib\bin\firebase.js init
[debug] [2025-12-02T19:59:18.480Z] CLI Version:   14.26.0
[debug] [2025-12-02T19:59:18.480Z] Platform:      win32
[debug] [2025-12-02T19:59:18.480Z] Node Version:  v22.21.0
[debug] [2025-12-02T19:59:18.480Z] Time:          Tue Dec 02 2025 13:59:18 GMT-0600 (Central Standard Time)
[debug] [2025-12-02T19:59:18.481Z] ----------------------------------------------------------------------
[debug] 
[info] 
     ######## #### ########  ######## ########     ###     ######  ########
     ##        ##  ##     ## ##       ##     ##  ##   ##  ##       ##
     ######    ##  ########  ######   ########  #########  ######  ######
     ##        ##  ##    ##  ##       ##     ## ##     ##       ## ##
     ##       #### ##     ## ######## ########  ##     ##  ######  ########

You're about to initialize a Firebase project in this directory:

  C:\aa_main\codes_university\CODES_DS\calendarioInteligenteBot

Before we get started, keep in mind:

  * You are currently outside your home directory

[info] 
=== Project Setup
[info] 
[info] First, let's associate this project directory with a Firebase project.
[info] You can create multiple project aliases by running firebase use --add, 
[info] 
[debug] [2025-12-02T19:59:32.241Z] > command requires scopes: ["email","openid","https://www.googleapis.com/auth/cloudplatformprojects.readonly","https://www.googleapis.com/auth/firebase","https://www.googleapis.com/auth/cloud-platform"]
[debug] [2025-12-02T19:59:32.242Z] > authorizing via signed-in user (avidrio39@gmail.com)
[debug] [2025-12-02T19:59:32.242Z] Checked if tokens are valid: true, expires at: 1764706961374
[debug] [2025-12-02T19:59:32.243Z] Checked if tokens are valid: true, expires at: 1764706961374
[debug] [2025-12-02T19:59:32.244Z] >>> [apiv2][query] GET https://firebase.googleapis.com/v1beta1/projects/telegram-bot-ac92a [none]
[debug] [2025-12-02T19:59:32.514Z] <<< [apiv2][status] GET https://firebase.googleapis.com/v1beta1/projects/telegram-bot-ac92a 200
[debug] [2025-12-02T19:59:32.514Z] <<< [apiv2][body] GET https://firebase.googleapis.com/v1beta1/projects/telegram-bot-ac92a {"projectId":"telegram-bot-ac92a","projectNumber":"672912123894","displayName":"telegram-bot","name":"projects/telegram-bot-ac92a","resources":{"hostingSite":"telegram-bot-ac92a"},"state":"ACTIVE","etag":"1_8274760b-e05c-4cc4-bf59-edef3c152153"}
[info] i  Using project telegram-bot-ac92a (telegram-bot) . 
[info] 
=== App Hosting Setup
[debug] [2025-12-02T19:59:32.519Z] Checked if tokens are valid: true, expires at: 1764706961374
[debug] [2025-12-02T19:59:32.519Z] Checked if tokens are valid: true, expires at: 1764706961374
[debug] [2025-12-02T19:59:32.519Z] >>> [apiv2][query] GET https://cloudbilling.googleapis.com/v1/projects/telegram-bot-ac92a/billingInfo [none]
[debug] [2025-12-02T19:59:32.723Z] <<< [apiv2][status] GET https://cloudbilling.googleapis.com/v1/projects/telegram-bot-ac92a/billingInfo 200
[debug] [2025-12-02T19:59:32.723Z] <<< [apiv2][body] GET https://cloudbilling.googleapis.com/v1/projects/telegram-bot-ac92a/billingInfo {"name":"projects/telegram-bot-ac92a/billingInfo","projectId":"telegram-bot-ac92a","billingAccountName":"billingAccounts/01E5FD-2BE8E3-68CCD1","billingEnabled":true}
[debug] [2025-12-02T19:59:32.724Z] Checked if tokens are valid: true, expires at: 1764706961374
[debug] [2025-12-02T19:59:32.724Z] Checked if tokens are valid: true, expires at: 1764706961374
[debug] [2025-12-02T19:59:32.724Z] >>> [apiv2][query] GET https://serviceusage.googleapis.com/v1/projects/telegram-bot-ac92a/services/firebaseapphosting.googleapis.com [none]
[debug] [2025-12-02T19:59:32.724Z] >>> [apiv2][(partial)header] GET https://serviceusage.googleapis.com/v1/projects/telegram-bot-ac92a/services/firebaseapphosting.googleapis.com x-goog-quota-user=projects/telegram-bot-ac92a
[debug] [2025-12-02T19:59:33.162Z] <<< [apiv2][status] GET https://serviceusage.googleapis.com/v1/projects/telegram-bot-ac92a/services/firebaseapphosting.googleapis.com 200
[debug] [2025-12-02T19:59:33.162Z] <<< [apiv2][body] GET https://serviceusage.googleapis.com/v1/projects/telegram-bot-ac92a/services/firebaseapphosting.googleapis.com [omitted]
[debug] [2025-12-02T19:59:33.166Z] Checked if tokens are valid: true, expires at: 1764706961374
[debug] [2025-12-02T19:59:33.166Z] Checked if tokens are valid: true, expires at: 1764706961374
[debug] [2025-12-02T19:59:33.166Z] Checked if tokens are valid: true, expires at: 1764706961374
[debug] [2025-12-02T19:59:33.166Z] Checked if tokens are valid: true, expires at: 1764706961374
[debug] [2025-12-02T19:59:33.166Z] Checked if tokens are valid: true, expires at: 1764706961374
[debug] [2025-12-02T19:59:33.166Z] Checked if tokens are valid: true, expires at: 1764706961374
[debug] [2025-12-02T19:59:33.167Z] Checked if tokens are valid: true, expires at: 1764706961374
[debug] [2025-12-02T19:59:33.167Z] Checked if tokens are valid: true, expires at: 1764706961374
[debug] [2025-12-02T19:59:33.167Z] Checked if tokens are valid: true, expires at: 1764706961374
[debug] [2025-12-02T19:59:33.167Z] Checked if tokens are valid: true, expires at: 1764706961374
[debug] [2025-12-02T19:59:33.167Z] Checked if tokens are valid: true, expires at: 1764706961374
[debug] [2025-12-02T19:59:33.167Z] Checked if tokens are valid: true, expires at: 1764706961374
[debug] [2025-12-02T19:59:33.167Z] >>> [apiv2][query] GET https://serviceusage.googleapis.com/v1/projects/telegram-bot-ac92a/services/developerconnect.googleapis.com [none]
[debug] [2025-12-02T19:59:33.167Z] >>> [apiv2][(partial)header] GET https://serviceusage.googleapis.com/v1/projects/telegram-bot-ac92a/services/developerconnect.googleapis.com x-goog-quota-user=projects/telegram-bot-ac92a
[debug] [2025-12-02T19:59:33.168Z] >>> [apiv2][query] GET https://serviceusage.googleapis.com/v1/projects/telegram-bot-ac92a/services/cloudbuild.googleapis.com [none]
[debug] [2025-12-02T19:59:33.168Z] >>> [apiv2][(partial)header] GET https://serviceusage.googleapis.com/v1/projects/telegram-bot-ac92a/services/cloudbuild.googleapis.com x-goog-quota-user=projects/telegram-bot-ac92a
[debug] [2025-12-02T19:59:33.169Z] >>> [apiv2][query] GET https://serviceusage.googleapis.com/v1/projects/telegram-bot-ac92a/services/secretmanager.googleapis.com [none]
[debug] [2025-12-02T19:59:33.169Z] >>> [apiv2][(partial)header] GET https://serviceusage.googleapis.com/v1/projects/telegram-bot-ac92a/services/secretmanager.googleapis.com x-goog-quota-user=projects/telegram-bot-ac92a
[debug] [2025-12-02T19:59:33.170Z] >>> [apiv2][query] GET https://serviceusage.googleapis.com/v1/projects/telegram-bot-ac92a/services/run.googleapis.com [none]
[debug] [2025-12-02T19:59:33.170Z] >>> [apiv2][(partial)header] GET https://serviceusage.googleapis.com/v1/projects/telegram-bot-ac92a/services/run.googleapis.com x-goog-quota-user=projects/telegram-bot-ac92a
[debug] [2025-12-02T19:59:33.171Z] >>> [apiv2][query] GET https://serviceusage.googleapis.com/v1/projects/telegram-bot-ac92a/services/artifactregistry.googleapis.com [none]
[debug] [2025-12-02T19:59:33.171Z] >>> [apiv2][(partial)header] GET https://serviceusage.googleapis.com/v1/projects/telegram-bot-ac92a/services/artifactregistry.googleapis.com x-goog-quota-user=projects/telegram-bot-ac92a
[debug] [2025-12-02T19:59:33.172Z] >>> [apiv2][query] GET https://serviceusage.googleapis.com/v1/projects/telegram-bot-ac92a/services/iam.googleapis.com [none]
[debug] [2025-12-02T19:59:33.172Z] >>> [apiv2][(partial)header] GET https://serviceusage.googleapis.com/v1/projects/telegram-bot-ac92a/services/iam.googleapis.com x-goog-quota-user=projects/telegram-bot-ac92a
[debug] [2025-12-02T19:59:33.502Z] <<< [apiv2][status] GET https://serviceusage.googleapis.com/v1/projects/telegram-bot-ac92a/services/developerconnect.googleapis.com 200
[debug] [2025-12-02T19:59:33.502Z] <<< [apiv2][body] GET https://serviceusage.googleapis.com/v1/projects/telegram-bot-ac92a/services/developerconnect.googleapis.com [omitted]
[debug] [2025-12-02T19:59:33.560Z] <<< [apiv2][status] GET https://serviceusage.googleapis.com/v1/projects/telegram-bot-ac92a/services/secretmanager.googleapis.com 200
[debug] [2025-12-02T19:59:33.560Z] <<< [apiv2][body] GET https://serviceusage.googleapis.com/v1/projects/telegram-bot-ac92a/services/secretmanager.googleapis.com [omitted]
[debug] [2025-12-02T19:59:33.566Z] <<< [apiv2][status] GET https://serviceusage.googleapis.com/v1/projects/telegram-bot-ac92a/services/iam.googleapis.com 200
[debug] [2025-12-02T19:59:33.566Z] <<< [apiv2][body] GET https://serviceusage.googleapis.com/v1/projects/telegram-bot-ac92a/services/iam.googleapis.com [omitted]
[debug] [2025-12-02T19:59:33.570Z] <<< [apiv2][status] GET https://serviceusage.googleapis.com/v1/projects/telegram-bot-ac92a/services/cloudbuild.googleapis.com 200
[debug] [2025-12-02T19:59:33.570Z] <<< [apiv2][body] GET https://serviceusage.googleapis.com/v1/projects/telegram-bot-ac92a/services/cloudbuild.googleapis.com [omitted]
[debug] [2025-12-02T19:59:33.573Z] <<< [apiv2][status] GET https://serviceusage.googleapis.com/v1/projects/telegram-bot-ac92a/services/artifactregistry.googleapis.com 200
[debug] [2025-12-02T19:59:33.574Z] <<< [apiv2][body] GET https://serviceusage.googleapis.com/v1/projects/telegram-bot-ac92a/services/artifactregistry.googleapis.com [omitted]
[debug] [2025-12-02T19:59:33.577Z] <<< [apiv2][status] GET https://serviceusage.googleapis.com/v1/projects/telegram-bot-ac92a/services/run.googleapis.com 200
[debug] [2025-12-02T19:59:33.577Z] <<< [apiv2][body] GET https://serviceusage.googleapis.com/v1/projects/telegram-bot-ac92a/services/run.googleapis.com [omitted]
[debug] [2025-12-02T19:59:33.579Z] Checked if tokens are valid: true, expires at: 1764706961374
[debug] [2025-12-02T19:59:33.580Z] Checked if tokens are valid: true, expires at: 1764706961374
[debug] [2025-12-02T19:59:33.580Z] >>> [apiv2][query] POST https://iam.googleapis.com/v1/projects/telegram-bot-ac92a/serviceAccounts/firebase-app-hosting-compute@telegram-bot-ac92a.iam.gserviceaccount.com:testIamPermissions [none]
[debug] [2025-12-02T19:59:33.580Z] >>> [apiv2][(partial)header] POST https://iam.googleapis.com/v1/projects/telegram-bot-ac92a/serviceAccounts/firebase-app-hosting-compute@telegram-bot-ac92a.iam.gserviceaccount.com:testIamPermissions x-goog-quota-user=projects/telegram-bot-ac92a
[debug] [2025-12-02T19:59:33.580Z] >>> [apiv2][body] POST https://iam.googleapis.com/v1/projects/telegram-bot-ac92a/serviceAccounts/firebase-app-hosting-compute@telegram-bot-ac92a.iam.gserviceaccount.com:testIamPermissions {"permissions":["iam.serviceAccounts.actAs"]}
[debug] [2025-12-02T19:59:33.916Z] <<< [apiv2][status] POST https://iam.googleapis.com/v1/projects/telegram-bot-ac92a/serviceAccounts/firebase-app-hosting-compute@telegram-bot-ac92a.iam.gserviceaccount.com:testIamPermissions 200
[debug] [2025-12-02T19:59:33.916Z] <<< [apiv2][body] POST https://iam.googleapis.com/v1/projects/telegram-bot-ac92a/serviceAccounts/firebase-app-hosting-compute@telegram-bot-ac92a.iam.gserviceaccount.com:testIamPermissions {"permissions":["iam.serviceAccounts.actAs"]}
[debug] [2025-12-02T19:59:33.916Z] Checked if tokens are valid: true, expires at: 1764706961374
[debug] [2025-12-02T19:59:33.916Z] Checked if tokens are valid: true, expires at: 1764706961374
[debug] [2025-12-02T19:59:33.916Z] >>> [apiv2][query] POST https://iam.googleapis.com/v1/projects/telegram-bot-ac92a/serviceAccounts [none]
[debug] [2025-12-02T19:59:33.916Z] >>> [apiv2][body] POST https://iam.googleapis.com/v1/projects/telegram-bot-ac92a/serviceAccounts {"accountId":"firebase-app-hosting-compute","serviceAccount":{"displayName":"Firebase App Hosting compute service account","description":"Default service account used to run builds and deploys for Firebase App Hosting"}}
[debug] [2025-12-02T19:59:34.116Z] <<< [apiv2][status] POST https://iam.googleapis.com/v1/projects/telegram-bot-ac92a/serviceAccounts 409
[debug] [2025-12-02T19:59:34.116Z] <<< [apiv2][body] POST https://iam.googleapis.com/v1/projects/telegram-bot-ac92a/serviceAccounts [omitted]
[debug] [2025-12-02T19:59:34.117Z] Checked if tokens are valid: true, expires at: 1764706961374
[debug] [2025-12-02T19:59:34.117Z] Checked if tokens are valid: true, expires at: 1764706961374
[debug] [2025-12-02T19:59:34.117Z] >>> [apiv2][query] POST https://cloudresourcemanager.googleapis.com/v1/projects/telegram-bot-ac92a:getIamPolicy [none]
[debug] [2025-12-02T19:59:34.492Z] <<< [apiv2][status] POST https://cloudresourcemanager.googleapis.com/v1/projects/telegram-bot-ac92a:getIamPolicy 200
[debug] [2025-12-02T19:59:34.492Z] <<< [apiv2][body] POST https://cloudresourcemanager.googleapis.com/v1/projects/telegram-bot-ac92a:getIamPolicy {"version":1,"etag":"BwZE/V1QwoU=","bindings":[{"role":"roles/artifactregistry.serviceAgent","members":["serviceAccount:service-672912123894@gcp-sa-artifactregistry.iam.gserviceaccount.com"]},{"role":"roles/cloudaicompanion.serviceAgent","members":["serviceAccount:service-672912123894@gcp-sa-cloudaicompanion.iam.gserviceaccount.com"]},{"role":"roles/cloudbuild.builds.builder","members":["serviceAccount:672912123894@cloudbuild.gserviceaccount.com"]},{"role":"roles/cloudbuild.serviceAgent","members":["serviceAccount:service-672912123894@gcp-sa-cloudbuild.iam.gserviceaccount.com"]},{"role":"roles/containerregistry.ServiceAgent","members":["serviceAccount:service-672912123894@containerregistry.iam.gserviceaccount.com"]},{"role":"roles/developerconnect.readTokenAccessor","members":["serviceAccount:firebase-app-hosting-compute@telegram-bot-ac92a.iam.gserviceaccount.com"]},{"role":"roles/developerconnect.serviceAgent","members":["serviceAccount:service-672912123894@gcp-sa-devconnect.iam.gserviceaccount.com"]},{"role":"roles/editor","members":["serviceAccount:672912123894-compute@developer.gserviceaccount.com"]},{"role":"roles/firebase.managementServiceAgent","members":["serviceAccount:service-672912123894@gcp-sa-firebase.iam.gserviceaccount.com"]},{"role":"roles/firebase.sdkAdminServiceAgent","members":["serviceAccount:firebase-adminsdk-fbsvc@telegram-bot-ac92a.iam.gserviceaccount.com","serviceAccount:firebase-app-hosting-compute@telegram-bot-ac92a.iam.gserviceaccount.com"]},{"role":"roles/firebaseapphosting.computeRunner","members":["serviceAccount:firebase-app-hosting-compute@telegram-bot-ac92a.iam.gserviceaccount.com"]},{"role":"roles/firebaseapphosting.serviceAgent","members":["serviceAccount:service-672912123894@gcp-sa-firebaseapphosting.iam.gserviceaccount.com"]},{"role":"roles/iam.serviceAccountTokenCreator","members":["serviceAccount:firebase-adminsdk-fbsvc@telegram-bot-ac92a.iam.gserviceaccount.com"]},{"role":"roles/owner","members":["user:avidrio39@gmail.com"]},{"role":"roles/run.serviceAgent","members":["serviceAccount:service-672912123894@serverless-robot-prod.iam.gserviceaccount.com"]},{"role":"roles/secretmanager.admin_withcond_65e34df6b63ddf2c5657","members":["serviceAccount:service-672912123894@gcp-sa-devconnect.iam.gserviceaccount.com"]}]}
[debug] [2025-12-02T19:59:34.493Z] Checked if tokens are valid: true, expires at: 1764706961374
[debug] [2025-12-02T19:59:34.493Z] Checked if tokens are valid: true, expires at: 1764706961374
[debug] [2025-12-02T19:59:34.493Z] >>> [apiv2][query] POST https://cloudresourcemanager.googleapis.com/v1/projects/telegram-bot-ac92a:setIamPolicy [none]
[debug] [2025-12-02T19:59:34.493Z] >>> [apiv2][body] POST https://cloudresourcemanager.googleapis.com/v1/projects/telegram-bot-ac92a:setIamPolicy {"policy":{"version":1,"etag":"BwZE/V1QwoU=","bindings":[{"role":"roles/artifactregistry.serviceAgent","members":["serviceAccount:service-672912123894@gcp-sa-artifactregistry.iam.gserviceaccount.com"]},{"role":"roles/cloudaicompanion.serviceAgent","members":["serviceAccount:service-672912123894@gcp-sa-cloudaicompanion.iam.gserviceaccount.com"]},{"role":"roles/cloudbuild.builds.builder","members":["serviceAccount:672912123894@cloudbuild.gserviceaccount.com"]},{"role":"roles/cloudbuild.serviceAgent","members":["serviceAccount:service-672912123894@gcp-sa-cloudbuild.iam.gserviceaccount.com"]},{"role":"roles/containerregistry.ServiceAgent","members":["serviceAccount:service-672912123894@containerregistry.iam.gserviceaccount.com"]},{"role":"roles/developerconnect.readTokenAccessor","members":["serviceAccount:firebase-app-hosting-compute@telegram-bot-ac92a.iam.gserviceaccount.com"]},{"role":"roles/developerconnect.serviceAgent","members":["serviceAccount:service-672912123894@gcp-sa-devconnect.iam.gserviceaccount.com"]},{"role":"roles/editor","members":["serviceAccount:672912123894-compute@developer.gserviceaccount.com"]},{"role":"roles/firebase.managementServiceAgent","members":["serviceAccount:service-672912123894@gcp-sa-firebase.iam.gserviceaccount.com"]},{"role":"roles/firebase.sdkAdminServiceAgent","members":["serviceAccount:firebase-adminsdk-fbsvc@telegram-bot-ac92a.iam.gserviceaccount.com","serviceAccount:firebase-app-hosting-compute@telegram-bot-ac92a.iam.gserviceaccount.com"]},{"role":"roles/firebaseapphosting.computeRunner","members":["serviceAccount:firebase-app-hosting-compute@telegram-bot-ac92a.iam.gserviceaccount.com"]},{"role":"roles/firebaseapphosting.serviceAgent","members":["serviceAccount:service-672912123894@gcp-sa-firebaseapphosting.iam.gserviceaccount.com"]},{"role":"roles/iam.serviceAccountTokenCreator","members":["serviceAccount:firebase-adminsdk-fbsvc@telegram-bot-ac92a.iam.gserviceaccount.com"]},{"role":"roles/owner","members":["user:avidrio39@gmail.com"]},{"role":"roles/run.serviceAgent","members":["serviceAccount:service-672912123894@serverless-robot-prod.iam.gserviceaccount.com"]},{"role":"roles/secretmanager.admin_withcond_65e34df6b63ddf2c5657","members":["serviceAccount:service-672912123894@gcp-sa-devconnect.iam.gserviceaccount.com"]},{"role":"roles/storage.objectViewer","members":["serviceAccount:firebase-app-hosting-compute@telegram-bot-ac92a.iam.gserviceaccount.com"]}]},"updateMask":"bindings"}
[debug] [2025-12-02T19:59:35.043Z] <<< [apiv2][status] POST https://cloudresourcemanager.googleapis.com/v1/projects/telegram-bot-ac92a:setIamPolicy 200
[debug] [2025-12-02T19:59:35.043Z] <<< [apiv2][body] POST https://cloudresourcemanager.googleapis.com/v1/projects/telegram-bot-ac92a:setIamPolicy {"version":1,"etag":"BwZE/YjbWFQ=","bindings":[{"role":"roles/artifactregistry.serviceAgent","members":["serviceAccount:service-672912123894@gcp-sa-artifactregistry.iam.gserviceaccount.com"]},{"role":"roles/cloudaicompanion.serviceAgent","members":["serviceAccount:service-672912123894@gcp-sa-cloudaicompanion.iam.gserviceaccount.com"]},{"role":"roles/cloudbuild.builds.builder","members":["serviceAccount:672912123894@cloudbuild.gserviceaccount.com"]},{"role":"roles/cloudbuild.serviceAgent","members":["serviceAccount:service-672912123894@gcp-sa-cloudbuild.iam.gserviceaccount.com"]},{"role":"roles/containerregistry.ServiceAgent","members":["serviceAccount:service-672912123894@containerregistry.iam.gserviceaccount.com"]},{"role":"roles/developerconnect.readTokenAccessor","members":["serviceAccount:firebase-app-hosting-compute@telegram-bot-ac92a.iam.gserviceaccount.com"]},{"role":"roles/developerconnect.serviceAgent","members":["serviceAccount:service-672912123894@gcp-sa-devconnect.iam.gserviceaccount.com"]},{"role":"roles/editor","members":["serviceAccount:672912123894-compute@developer.gserviceaccount.com"]},{"role":"roles/firebase.managementServiceAgent","members":["serviceAccount:service-672912123894@gcp-sa-firebase.iam.gserviceaccount.com"]},{"role":"roles/firebase.sdkAdminServiceAgent","members":["serviceAccount:firebase-adminsdk-fbsvc@telegram-bot-ac92a.iam.gserviceaccount.com","serviceAccount:firebase-app-hosting-compute@telegram-bot-ac92a.iam.gserviceaccount.com"]},{"role":"roles/firebaseapphosting.computeRunner","members":["serviceAccount:firebase-app-hosting-compute@telegram-bot-ac92a.iam.gserviceaccount.com"]},{"role":"roles/firebaseapphosting.serviceAgent","members":["serviceAccount:service-672912123894@gcp-sa-firebaseapphosting.iam.gserviceaccount.com"]},{"role":"roles/iam.serviceAccountTokenCreator","members":["serviceAccount:firebase-adminsdk-fbsvc@telegram-bot-ac92a.iam.gserviceaccount.com"]},{"role":"roles/owner","members":["user:avidrio39@gmail.com"]},{"role":"roles/run.serviceAgent","members":["serviceAccount:service-672912123894@serverless-robot-prod.iam.gserviceaccount.com"]},{"role":"roles/secretmanager.admin_withcond_65e34df6b63ddf2c5657","members":["serviceAccount:service-672912123894@gcp-sa-devconnect.iam.gserviceaccount.com"]},{"role":"roles/storage.objectViewer","members":["serviceAccount:firebase-app-hosting-compute@telegram-bot-ac92a.iam.gserviceaccount.com"]}]}
[info] i  This command links your local project to Firebase App Hosting. You will be able to deploy your web app with `firebase deploy` after setup. 
[info] i  === Set up your backend 
[debug] [2025-12-02T19:59:39.665Z] Checked if tokens are valid: true, expires at: 1764706961374
[debug] [2025-12-02T19:59:39.665Z] Checked if tokens are valid: true, expires at: 1764706961374
[debug] [2025-12-02T19:59:39.666Z] >>> [apiv2][query] GET https://firebaseapphosting.googleapis.com/v1beta/projects/telegram-bot-ac92a/locations 
[debug] [2025-12-02T19:59:39.858Z] <<< [apiv2][status] GET https://firebaseapphosting.googleapis.com/v1beta/projects/telegram-bot-ac92a/locations 200
[debug] [2025-12-02T19:59:39.858Z] <<< [apiv2][body] GET https://firebaseapphosting.googleapis.com/v1beta/projects/telegram-bot-ac92a/locations {"locations":[{"name":"projects/telegram-bot-ac92a/locations/asia-east1","locationId":"asia-east1","displayName":"Taiwan"},{"name":"projects/telegram-bot-ac92a/locations/asia-southeast1","locationId":"asia-southeast1","displayName":"Singapore"},{"name":"projects/telegram-bot-ac92a/locations/europe-west4","locationId":"europe-west4","displayName":"Netherlands"},{"name":"projects/telegram-bot-ac92a/locations/us-central1","locationId":"us-central1","displayName":"Iowa"},{"name":"projects/telegram-bot-ac92a/locations/us-east4","locationId":"us-east4","displayName":"Northern Virginia"},{"name":"projects/telegram-bot-ac92a/locations/us-east5","locationId":"us-east5","displayName":"Columbus"}]}
[debug] [2025-12-02T19:59:51.736Z] ExitPromptError: User force closed the prompt with SIGINT
    at Interface.sigint (C:\Users\avidr\AppData\Roaming\npm\node_modules\firebase-tools\node_modules\@inquirer\core\dist\commonjs\lib\create-prompt.js:101:37)
    at Interface.emit (node:events:519:28)
    at Interface.emit (node:domain:489:12)
    at [_ttyWrite] [as _ttyWrite] (node:internal/readline/interface:1134:18)
    at ReadStream.onkeypress (node:internal/readline/interface:271:20)
    at ReadStream.emit (node:events:531:35)
    at ReadStream.emit (node:domain:489:12)
    at emitKeys (node:internal/readline/utils:370:14)
    at emitKeys.next (<anonymous>)
    at ReadStream.onData (node:internal/readline/emitKeypressEvents:64:36)
[error] 
[error] Error: An unexpected error has occurred.
